[debug] [2023-05-18T05:06:00.094Z] ----------------------------------------------------------------------
[debug] [2023-05-18T05:06:00.096Z] Command:       C:\Program Files\nodejs\node.exe C:\Users\User\AppData\Roaming\npm\node_modules\firebase-tools\lib\bin\firebase.js init
[debug] [2023-05-18T05:06:00.096Z] CLI Version:   12.0.1
[debug] [2023-05-18T05:06:00.097Z] Platform:      win32
[debug] [2023-05-18T05:06:00.097Z] Node Version:  v18.16.0
[debug] [2023-05-18T05:06:00.098Z] Time:          Thu May 18 2023 12:06:00 GMT+0700 (Indochina Time)
[debug] [2023-05-18T05:06:00.098Z] ----------------------------------------------------------------------
[debug] 
[debug] [2023-05-18T05:06:00.104Z] > command requires scopes: ["email","openid","https://www.googleapis.com/auth/cloudplatformprojects.readonly","https://www.googleapis.com/auth/firebase","https://www.googleapis.com/auth/cloud-platform"]
[debug] [2023-05-18T05:06:00.104Z] > authorizing via signed-in user (chanleang7779@gmail.com)
[info] 
     ######## #### ########  ######## ########     ###     ######  ########
     ##        ##  ##     ## ##       ##     ##  ##   ##  ##       ##
     ######    ##  ########  ######   ########  #########  ######  ######
     ##        ##  ##    ##  ##       ##     ## ##     ##       ## ##
     ##       #### ##     ## ######## ########  ##     ##  ######  ########

You're about to initialize a Firebase project in this directory:

  C:\Users\User\Documents\webdesignproject\student_network_2022

[info] 
=== Project Setup
[info] 
[info] First, let's associate this project directory with a Firebase project.
[info] You can create multiple project aliases by running firebase use --add, 
[info] but for now we'll just set up a default project.
[info] 
[debug] [2023-05-18T05:06:09.769Z] >>> [apiv2][query] GET https://firebase.googleapis.com/v1beta1/projects pageSize=100
[debug] [2023-05-18T05:06:10.497Z] <<< [apiv2][status] GET https://firebase.googleapis.com/v1beta1/projects 200
[debug] [2023-05-18T05:06:10.497Z] <<< [apiv2][body] GET https://firebase.googleapis.com/v1beta1/projects [omitted]
[info] i  Using project webpage-47739 (webpage) 
[info] 
=== Hosting Setup
[info] 
[info] Your public directory is the folder (relative to your project directory) that
[info] will contain Hosting assets to be uploaded with firebase deploy. If you
[info] have a build process for your assets, use your build's output directory.
[info] 
[info] +  Wrote public/404.html 
[debug] [2023-05-18T05:06:25.822Z] >>> [apiv2][query] GET https://www.gstatic.com/firebasejs/releases.json [none]
[debug] [2023-05-18T05:06:25.973Z] <<< [apiv2][status] GET https://www.gstatic.com/firebasejs/releases.json 200
[debug] [2023-05-18T05:06:25.974Z] <<< [apiv2][body] GET https://www.gstatic.com/firebasejs/releases.json {"current":{"version":"9.22.0","browserURL":"https://www.gstatic.com/firebasejs/9.22.0/firebase.js","packageURL":"https://www.gstatic.com/firebasejs/9.22.0/firebase.tgz"},"live":{"version":"9.22","browserURL":"https://www.gstatic.com/firebasejs/live/9.22/firebase.js","packageURL":"https://www.gstatic.com/firebasejs/live/9.22/firebase.tgz"},"components":{"analytics":"https://www.gstatic.com/firebasejs/9.22.0/firebase-analytics.js","app":"https://www.gstatic.com/firebasejs/9.22.0/firebase-app.js","app-check":"https://www.gstatic.com/firebasejs/9.22.0/firebase-app-check.js","auth":"https://www.gstatic.com/firebasejs/9.22.0/firebase-auth.js","auth/cordova":"https://www.gstatic.com/firebasejs/9.22.0/firebase-auth/cordova.js","auth/react-native":"https://www.gstatic.com/firebasejs/9.22.0/firebase-auth/react-native.js","functions":"https://www.gstatic.com/firebasejs/9.22.0/firebase-functions.js","firestore":"https://www.gstatic.com/firebasejs/9.22.0/firebase-firestore.js","firestore/lite":"https://www.gstatic.com/firebasejs/9.22.0/firebase-firestore/lite.js","installations":"https://www.gstatic.com/firebasejs/9.22.0/firebase-installations.js","storage":"https://www.gstatic.com/firebasejs/9.22.0/firebase-storage.js","performance":"https://www.gstatic.com/firebasejs/9.22.0/firebase-performance.js","remote-config":"https://www.gstatic.com/firebasejs/9.22.0/firebase-remote-config.js","messaging":"https://www.gstatic.com/firebasejs/9.22.0/firebase-messaging.js","messaging/sw":"https://www.gstatic.com/firebasejs/9.22.0/firebase-messaging/sw.js","database":"https://www.gstatic.com/firebasejs/9.22.0/firebase-database.js","firestore.memory":"https://www.gstatic.com/firebasejs/9.22.0/firebase-firestore.memory.js"}}
[info] i  Skipping write of public/index.html 
[info] 
[info] i  Detected a .git folder at C:\Users\User\Documents\webdesignproject\student_network_2022 
[info] i  Authorizing with GitHub to upload your service account to a GitHub repository's secrets store. 
[info] 
[info] Visit this URL on this device to log in:
[info] https://github.com/login/oauth/authorize?client_id=89cf50f02ac6aaed3484&state=959134460&redirect_uri=http%3A%2F%2Flocalhost%3A9005&scope=read%3Auser%20repo%20public_repo
[info] 
[info] Waiting for authentication...
[debug] [2023-05-18T05:06:37.379Z] >>> [apiv2][query] POST https://github.com/login/oauth/access_token [none]
[debug] [2023-05-18T05:06:37.379Z] >>> [apiv2][body] POST https://github.com/login/oauth/access_token [stream]
[debug] [2023-05-18T05:06:37.861Z] <<< [apiv2][status] POST https://github.com/login/oauth/access_token 200
[debug] [2023-05-18T05:06:37.861Z] <<< [apiv2][body] POST https://github.com/login/oauth/access_token {"access_token":"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","token_type":"bearer","scope":"read:user,repo"}
[debug] [2023-05-18T05:06:37.866Z] >>> [apiv2][query] GET https://api.github.com/user [none]
[debug] [2023-05-18T05:06:38.368Z] <<< [apiv2][status] GET https://api.github.com/user 200
[debug] [2023-05-18T05:06:38.368Z] <<< [apiv2][body] GET https://api.github.com/user {"login":"Chanleang-GIC","id":126034375,"node_id":"U_kgDOB4Mhxw","avatar_url":"https://avatars.githubusercontent.com/u/126034375?v=4","gravatar_id":"","url":"https://api.github.com/users/Chanleang-GIC","html_url":"https://github.com/Chanleang-GIC","followers_url":"https://api.github.com/users/Chanleang-GIC/followers","following_url":"https://api.github.com/users/Chanleang-GIC/following{/other_user}","gists_url":"https://api.github.com/users/Chanleang-GIC/gists{/gist_id}","starred_url":"https://api.github.com/users/Chanleang-GIC/starred{/owner}{/repo}","subscriptions_url":"https://api.github.com/users/Chanleang-GIC/subscriptions","organizations_url":"https://api.github.com/users/Chanleang-GIC/orgs","repos_url":"https://api.github.com/users/Chanleang-GIC/repos","events_url":"https://api.github.com/users/Chanleang-GIC/events{/privacy}","received_events_url":"https://api.github.com/users/Chanleang-GIC/received_events","type":"User","site_admin":false,"name":null,"company":null,"blog":"","location":null,"email":null,"hireable":null,"bio":null,"twitter_username":null,"public_repos":4,"public_gists":0,"followers":0,"following":0,"created_at":"2023-02-22T01:37:27Z","updated_at":"2023-05-16T09:48:45Z","private_gists":0,"total_private_repos":1,"owned_private_repos":1,"disk_usage":32,"collaborators":0,"two_factor_authentication":false,"plan":{"name":"free","space":976562499,"collaborators":0,"private_repos":10000}}
[info] 
[info] +  Success! Logged into GitHub as Chanleang-GIC 
[info] 
